<?xml version="1.0" encoding="utf-8"?><testsuites name="pytest tests"><testsuite name="pytest" errors="0" failures="0" skipped="0" tests="1" time="11.052" timestamp="2025-08-20T12:29:58.542104-04:00" hostname="kevin-MS-7C91"><testcase classname="tests.unit.test_visualization_panels.TestVisualizationPanels" name="test_save_overlay_panel_basic" time="1.007" /></testsuite></testsuites>